2001:18e8:3:28d4:f000::167e UNKNOWN u75878530-ef3fa [05/Feb/2015:18:40:11 -0500] "PASS (hidden)" 230 -
2001:18e8:3:28d4:f000::167e UNKNOWN u75878530-ef3fa [05/Feb/2015:18:40:11 -0500] "EPSV" 229 -
2001:18e8:3:28d4:f000::167e UNKNOWN u75878530-ef3fa [05/Feb/2015:18:40:11 -0500] "NOOP" 200 -
2001:18e8:3:28d4:f000::167e UNKNOWN u75878530-ef3fa [05/Feb/2015:18:40:11 -0500] "TYPE A" 200 -
2001:18e8:3:28d4:f000::167e UNKNOWN u75878530-ef3fa [05/Feb/2015:18:40:11 -0500] "EPSV" 229 -
2001:18e8:3:28d4:f000::167e UNKNOWN u75878530-ef3fa [05/Feb/2015:18:40:11 -0500] "LIST -lad /index.html" 226 75
2001:18e8:3:28d4:f000::167e UNKNOWN u75878530-ef3fa [05/Feb/2015:18:40:11 -0500] "TYPE I" 200 -
2001:18e8:3:28d4:f000::167e UNKNOWN u75878530-ef3fa [05/Feb/2015:18:40:12 -0500] "TYPE I" 200 -
2001:18e8:3:28d4:f000::167e UNKNOWN u75878530-ef3fa [05/Feb/2015:18:40:12 -0500] "EPSV" 229 -
2001:18e8:3:28d4:f000::167e UNKNOWN u75878530-ef3fa [05/Feb/2015:18:40:12 -0500] "RETR /index.html" 226 1489
2001:18e8:3:28d4:f000::167e UNKNOWN u75878530-ef3fa [05/Feb/2015:18:40:12 -0500] "TYPE A" 200 -
2001:18e8:3:28d4:f000::167e UNKNOWN u75878530-ef3fa [05/Feb/2015:18:40:12 -0500] "EPSV" 229 -
2001:18e8:3:28d4:f000::167e UNKNOWN u75878530-ef3fa [05/Feb/2015:18:40:12 -0500] "LIST -lad /index.html" 226 75
2001:18e8:3:28d4:f000::167e UNKNOWN u75878530-ef3fa [05/Feb/2015:18:40:13 -0500] "TYPE A" 200 -
2001:18e8:3:28d4:f000::167e UNKNOWN u75878530-ef3fa [05/Feb/2015:18:40:13 -0500] "EPSV" 229 -
2001:18e8:3:28d4:f000::167e UNKNOWN u75878530-ef3fa [05/Feb/2015:18:40:13 -0500] "LIST -lad /css/blueprint/screen2.css" 226 90
2001:18e8:3:28d4:f000::167e UNKNOWN u75878530-ef3fa [05/Feb/2015:18:40:13 -0500] "TYPE I" 200 -
2001:18e8:3:28d4:f000::167e UNKNOWN u75878530-ef3fa [05/Feb/2015:18:40:13 -0500] "TYPE I" 200 -
2001:18e8:3:28d4:f000::167e UNKNOWN u75878530-ef3fa [05/Feb/2015:18:40:13 -0500] "EPSV" 229 -
2001:18e8:3:28d4:f000::167e UNKNOWN u75878530-ef3fa [05/Feb/2015:18:40:13 -0500] "RETR /css/blueprint/screen2.css" 226 5683
2001:18e8:3:28d4:f000::167e UNKNOWN u75878530-ef3fa [05/Feb/2015:18:40:13 -0500] "TYPE A" 200 -
2001:18e8:3:28d4:f000::167e UNKNOWN u75878530-ef3fa [05/Feb/2015:18:40:13 -0500] "EPSV" 229 -
2001:18e8:3:28d4:f000::167e UNKNOWN u75878530-ef3fa [05/Feb/2015:18:40:14 -0500] "LIST -lad /css/blueprint/screen2.css" 226 90
2001:18e8:3:28d4:f000::167e UNKNOWN u75878530-ef3fa [05/Feb/2015:18:40:14 -0500] "TYPE A" 200 -
2001:18e8:3:28d4:f000::167e UNKNOWN u75878530-ef3fa [05/Feb/2015:18:40:14 -0500] "EPSV" 229 -
2001:18e8:3:28d4:f000::167e UNKNOWN u75878530-ef3fa [05/Feb/2015:18:40:14 -0500] "LIST -lad /css/blueprint/screen3.css" 226 90
2001:18e8:3:28d4:f000::167e UNKNOWN u75878530-ef3fa [05/Feb/2015:18:40:14 -0500] "TYPE I" 200 -
2001:18e8:3:28d4:f000::167e UNKNOWN u75878530-ef3fa [05/Feb/2015:18:40:14 -0500] "TYPE I" 200 -
2001:18e8:3:28d4:f000::167e UNKNOWN u75878530-ef3fa [05/Feb/2015:18:40:14 -0500] "EPSV" 229 -
2001:18e8:3:28d4:f000::167e UNKNOWN u75878530-ef3fa [05/Feb/2015:18:40:14 -0500] "RETR /css/blueprint/screen3.css" 226 6642
2001:18e8:3:28d4:f000::167e UNKNOWN u75878530-ef3fa [05/Feb/2015:18:40:14 -0500] "TYPE A" 200 -
2001:18e8:3:28d4:f000::167e UNKNOWN u75878530-ef3fa [05/Feb/2015:18:40:14 -0500] "EPSV" 229 -
2001:18e8:3:28d4:f000::167e UNKNOWN u75878530-ef3fa [05/Feb/2015:18:40:14 -0500] "LIST -lad /css/blueprint/screen3.css" 226 90
2001:18e8:3:28d4:f000::167e UNKNOWN u75878530-ef3fa [05/Feb/2015:18:40:16 -0500] "TYPE A" 200 -
2001:18e8:3:28d4:f000::167e UNKNOWN u75878530-ef3fa [05/Feb/2015:18:40:16 -0500] "EPSV" 229 -
2001:18e8:3:28d4:f000::167e UNKNOWN u75878530-ef3fa [05/Feb/2015:18:40:16 -0500] "LIST -lad /" 226 65
2001:18e8:3:28d4:f000::167e UNKNOWN u75878530-ef3fa [05/Feb/2015:18:40:16 -0500] "CWD /" 250 -
2001:18e8:3:28d4:f000::167e UNKNOWN u75878530-ef3fa [05/Feb/2015:18:40:16 -0500] "TYPE A" 200 -
2001:18e8:3:28d4:f000::167e UNKNOWN u75878530-ef3fa [05/Feb/2015:18:40:16 -0500] "EPSV" 229 -
2001:18e8:3:28d4:f000::167e UNKNOWN u75878530-ef3fa [05/Feb/2015:18:40:16 -0500] "LIST -la" 226 1696
2001:18e8:3:28d4:f000::167e UNKNOWN u75878530-ef3fa [05/Feb/2015:18:40:31 -0500] "TYPE A" 200 -
2001:18e8:3:28d4:f000::167e UNKNOWN u75878530-ef3fa [05/Feb/2015:18:40:31 -0500] "EPSV" 229 -
2001:18e8:3:28d4:f000::167e UNKNOWN u75878530-ef3fa [05/Feb/2015:18:40:31 -0500] "LIST -lad /" 226 65
2001:18e8:3:28d4:f000::167e UNKNOWN u75878530-ef3fa [05/Feb/2015:18:40:31 -0500] "CWD /" 250 -
2001:18e8:3:28d4:f000::167e UNKNOWN u75878530-ef3fa [05/Feb/2015:18:40:31 -0500] "TYPE A" 200 -
2001:18e8:3:28d4:f000::167e UNKNOWN u75878530-ef3fa [05/Feb/2015:18:40:31 -0500] "EPSV" 229 -
2001:18e8:3:28d4:f000::167e UNKNOWN u75878530-ef3fa [05/Feb/2015:18:40:31 -0500] "LIST -la" 226 1696
2001:18e8:3:28d4:f000::167e UNKNOWN u75878530-ef3fa [05/Feb/2015:18:40:31 -0500] "CWD /" 250 -
2001:18e8:3:28d4:f000::167e UNKNOWN u75878530-ef3fa [05/Feb/2015:18:40:31 -0500] "CWD /" 250 -
2001:18e8:3:28d4:f000::167e UNKNOWN u75878530-ef3fa [05/Feb/2015:18:40:31 -0500] "TYPE A" 200 -
2001:18e8:3:28d4:f000::167e UNKNOWN u75878530-ef3fa [05/Feb/2015:18:40:31 -0500] "EPSV" 229 -
2001:18e8:3:28d4:f000::167e UNKNOWN u75878530-ef3fa [05/Feb/2015:18:40:31 -0500] "LIST -la" 226 1696
2001:18e8:3:28d4:f000::167e UNKNOWN u75878530-ef3fa [05/Feb/2015:18:40:31 -0500] "CWD /" 250 -
2001:18e8:3:28d4:f000::167e UNKNOWN u75878530-ef3fa [05/Feb/2015:18:41:47 -0500] "QUIT" 221 -
